EMCS_NODE1_HOSTNAME=den00ytq.us.oracle.com
EMCS_NODE2_HOSTNAME=den00ytp.us.oracle.com
EMCS_NODE3_HOSTNAME=den00yqe.us.oracle.com
EMCS_NODE4_HOSTNAME=den00yqe.us.oracle.com
EMCS_NODE5_HOSTNAME=den00ypv.us.oracle.com
EMCS_NODE6_HOSTNAME=den00yqp.us.oracle.com
NODES_LIST=den00ytq,den00ytp,den00zys,den00yqe,den00ypv,den00yqp
EMCS_SETUP_TYPE=DEDICATED
EMCS_DUSER_SSH_PRIV_KEY=/home/vijayvik/.ssh/id_rsa
EMCS_DUSER_SSH_PUB_KEY=/home/vijayvik/.ssh/id_rsa.pub
EMCS_DUSER=vijayvik
EMCS_DPWD=Orac2018
PREVIOUS_SAAS_VERSION=1.15.0-20170203124835
ARTIFACTORY_REPONAME=emaas-release-local
BUILD_MANIFEST=
PREVIOUS_AGENT_BUILD_ID_1488513783=
PREVIOUS_AGENT_SHIPHOME_LOC_1488513783=
BASE_DIR=/scratch/emaas
JAVACC_LOC=/scratch/emaas/codecov/jacoco
DEFAULT_JACOCO_PORT=9898
USE_GOLD_IMAGE=TRUE
DISABLE_OMC_TENANTAGENTUPGRADE=0
TENANT_NODE1_HOSTNAME=den00ytq.us.oracle.com
TENANT_NODE2_HOSTNAME=den00zys.us.oracle.com
TENANT_DUSER=vijayvik
TENANT_DPWD=Orac2018
TENANT2_DUSER=vijayvik
TENANT2_DPWD=Orac2018
TENANT_DUSER_SSH_PRIV_KEY=/home/vijayvik/.ssh/id_rsa
TENANT_DUSER_SSH_PUB_KEY=/home/vijayvik/.ssh/id_rsa.pub
TENANT2_DUSER_SSH_PRIV_KEY=/home/vijayvik/.ssh/id_rsa
TENANT2_DUSER_SSH_PUB_KEY=/home/vijayvik/.ssh/id_rsa.pub
TENANT_PLATFORM=LINUX.X64
TENANT_SHELL_PATH=/bin/sh
TENANT2_PLATFORM=LINUX.X64
OMR_DUSER=vijayvik
OMR_DPWD=Orac2018
OMR_DUSER_SSH_PRIV_KEY=/home/vijayvik/.ssh/id_rsa
OMR_DUSER_SSH_PUB_KEY=/home/vijayvik/.ssh/id_rsa.pub
OMR_REPOS_VERSION=PS3MINI
SUDOPATH=/scratch/emaas/sudobase/bin/sudo
EMCS_SUDO_BINARY=/scratch/emaas/sudobase/bin/sudo
TENANT_SUDO_BINARY=/scratch/emaas/sudobase/bin/sudo
PREVIOUS_EMCS_GATEWAY_SH_1488513783=/scratch/emaas/stage/emcs_agent_1.15.0-1701300801.20170130080122//gway/emcs_gway_agent_LINUX.X64-1.15.0-1701300801.20170130080122.zip
PREVIOUS_EMCS_LAMA_HARVESTER_SH_1488513783=/scratch/emaas/stage/emcs_agent_1.15.0-1701300801.20170130080122//lama/emcs_lama_agent_LINUX.X64-1.15.0-1701300801.20170130080122.zip
OMC_DEPLOY_PERSONA=dev
OMS_REPOS_SETUP=TRUE
BASE_GOLDIMAGE_SETUP=TRUE
OMR_ORACLE_HOME=/scratch/emaas/orabase//dbhome/
OMS_REPOS_HOST=den00ytp.us.oracle.com
OMS_REPOS_PORT=1555
OMS_REPOS_SID=omrdb
OMR_PRIVILEGED_USERNAME=omr_privileged_user
OMS_REPOS_SYS_PWD=welcome1
OMS_CONNECT_DESCRIPTOR=(DESCRIPTION=(ADDRESS_LIST=(ADDRESS=(PROTOCOL=TCP)(HOST=den00ytp.us.oracle.com)(PORT=1555)))(CONNECT_DATA=(SID=omrdb)))
OMR_HOST_USER=vijayvik
OMR_HOST_USER_PWD=Orac2018
OMR_STAGE_DIR=/scratch/emaas/harvstg_6725
DB_GOLDIMAGE_LOC=/net/dennas436.us.oracle.com/export/farm_em_artifacts/emaasqa/emaas/goldimages/rdbms/linux_x64//dbhome112044Archive.zip
DB_GOLDIMAGE_LOC=/net/dennas436.us.oracle.com/export/farm_em_artifacts/emaasqa/emaas/goldimages/rdbms/linux_x64//dbhome112044Archive.zip
OMR_SOURCE_TEMPLATE_LOC=/net/dennas436.us.oracle.com/export/farm_em_artifacts/emaasqa/emaas/integ/omrdb//ps3dblrg
IDM_SERVER=slc10blf.us.oracle.com
IDM_PORT=3060
LDAP_SERVER=slcal122.us.oracle.com
LDAP_PORT=3060
LDAP_ADMIN_USER=orcladmin
LDAP_ADMIN_PASSWORD=Fusionapps1
SERVICE_MANAGER_URL=http://den00ytq.us.oracle.com:7004/registry/servicemanager/registry/v1
SSO_USERNAME=emcsadmin
SSO_PASSWORD=Welcome1!
SAAS_AUTH_TOKEN=Basic RU0wMV9FTUNTX0dMT0JBTF9JTlRFUl9TRVJWSUNFX0FQUElEOlBqcHpjeXcyN3NpZV9h
EMCS_WEBLOGIC_USERNAME=weblogic
EMCS_WEBLOGIC_PASSWORD=welcome1
SU_TYPE=sudo
OHS_REGISTRY_URL=https://den00ytq.us.oracle.com:4443/registry
OHS_URL=https://den00ytq.us.oracle.com:4443
DATASERVICE_STORAGE=http://den00ytq.us.oracle.com:7019/emaas/dataservice/storage/api/v1/
TARGETMODEL_SERVICE_SHARD_ENDPOINT=http://den00ytp.us.oracle.com:7004/tm-mgmt/api/v1.1
LOG_ANALYTICS_SERVICE_URL=http://den00zys.us.oracle.com:7004/emaas/emlacore
WORK_DEPORT_URL=http://den00ytq.us.oracle.com:7019/work-container/ws/
LOGANALYTICS_PROCESSOR_ENDPOINT=http://den00zys.us.oracle.com:7004/LogAnalyticsProcessor-1.15.0/
DASHBOARD_API_ENDPOINT=http://den00ytq.us.oracle.com:7019/emcpdf/api/v1/
DASHBOARD_UI_ENDPOINT=http://den00ytq.us.oracle.com:7019/emsaasui/emcpdfui
APMDATASERVER_ENDPOINT=http://den00ytp.us.oracle.com:7004/apmcs/data
APMENGINE_ENDPOINT=http://den00ytp.us.oracle.com:7004/apmaas/engine
APMUI_ENDPOINT=http://den00ytp.us.oracle.com:7004/emsaasui/apmUi/
APMCLIENTCOLLECTOR_ENDPOINT=http://den00ytq.us.oracle.com:7019/APMaaSCollector/
APMCLIENTAGGREGATOR_ENDPOINT=http://den00ytq.us.oracle.com:7019/APMaaSAggregator/aggregator
TARGET_ANALYTICS_UI_URL=http://den00ytp.us.oracle.com:7004/emsaasui/emcta
APIGATEWAY_ENDPOINT=http://den00ytq.us.oracle.com:7031/apigw/v1
PREVIOUS_EMCS_APM_AGENT_SH_1488513783=/scratch/emcplcm/oracle/work/1.15_APM_226.zip
APM_PUBLISH=TRUE
EMCS_APM_AGENT_SH=/scratch/emaas/stage/emcs_agent_//1.15_APM_226.zip
APM_PUBLISH_NAME=apm_1488513783_1.15.0-20170201130208
GATEWAY_PUBLISH_NAME=gway_1488513783_
AGENT_GWAY_SH_SOURCE=/emcs_gway_agent_LINUX.X64-1.15.0-1701300801.20170130080122.zip
EMCS_GATEWAY_SH=/scratch/emaas/stage/emcs_agent_1.15.0-1701300801.20170130080122/gway/emcs_gway_agent_LINUX.X64-1.15.0-1701300801.20170130080122.zip
LAMA_PUBLISH_NAME=lama_1488513783_
AGENT_LAMA_SH_SOURCE=/emcs_lama_agent_LINUX.X64-1.15.0-1701300801.20170130080122.zip
EMCS_LAMA_HARVESTER_SH=/scratch/emaas/stage/emcs_agent_1.15.0-1701300801.20170130080122/lama/emcs_lama_agent_LINUX.X64-1.15.0-1701300801.20170130080122.zip
AGENT_BUILD_ID=
AGENT_VERSION=
AGENT_SHIPHOME_LOC=/scratch/emaas/stage/emcs_agent_1.15.0-1701300801.20170130080122
IS_BASE_AGENT_PUBLISHED=true
TENANT_ID=emaastesttenant1
TENANT_ID_INTERNAL=0
EMCS_SETUP_STATUS=COMPLETED
TENANT_AGL_URL=https://den00ytq.us.oracle.com:4443/microservice/eca5ce1d-4588-b453-55eb-03e80c532300
TENANT_CSURL=https://den00ytq.us.oracle.com:4443/microservice/f50980d6-c9a0-778d-a9f8-385f1fd60d83
CLIENT_SECURITY_SERVICE_ENDPOINT=http://den00ytq.us.oracle.com:7019/clientsecurityinternal/keymanager
TENANT_SERVICE_HOST=den00ytq.us.oracle.com
AGENT_LIFE_CYCLE_ENDPOINT=http://den00ytq.us.oracle.com:7019/agent-lifecycle/alcmanager
ALC_SERVICE_HOST=den00ytq.us.oracle.com
LOGAN_URL=http://den00zys.us.oracle.com:7004/emaas/emlacore
OMCS_DASHBOARD_URL=https://den00ytq.us.oracle.com:4443/emsaasui/emcpdfui/home.html
ENTITY_NAMING_LOOKUP_URL=http://den00ytq.us.oracle.com:7007/naming/entitynaming/v1/lookups
ODS_SCHEMA_USER=SYSEMS_T_1018
ODS_SCHEMA_NAME=
TENANT_ID_INTERNAL_emaastesttenant1=155025397
ODS_PORT=1521
ODS_HOSTNAME=den01mja.us.oracle.com
ODS_SID=orcl12c
ODS_SYS_PWD=welcome1
ODS_SERVICE=orcl12c.us.oracle.com
ODS_SYSTEM_PWD=welcome1
ODS_SYSEMSADMIN_USER=SYSEMS_ADMIN
ODS_HOME=/opt/ORCLemaas/InfrastructureSoftware/oracledb/base/rdbms/12.1.0.2
ODS_CONNECT_STRING=(DESCRIPTION=(ADDRESS_LIST=(ADDRESS=(PROTOCOL=TCP)(HOST=den01mja.us.oracle.com)(PORT=1521)))(CONNECT_DATA=(SID=orcl12c)))
ODS_OTHER_PWD=welcome1
ODS_SCHEMA_PWD=welcome1
ODS_SYSEMSADMIN_PWD=welcome1
GATEWAY_HOSTNAME=den00ytq.us.oracle.com
LAMA_HOSTNAME=den00ytq.us.oracle.com
HARVESTER_HOSTNAME=den00ytq.us.oracle.com
OMR_HOST=den00ytp.us.oracle.com
GATEWAY_PORT=3872
GATEWAY_HOME=/scratch/emaas/gateway/gateway_home/agent_inst/
GATEWAY_DUSER=vijayvik
GATEWAY_DPWD=Orac2018
GATEWAY_DUSER_SSH_PRIV_KEY=/home/vijayvik/.ssh/id_rsa
AGENT_MODE=brownfield
GATEWAY_DUSER_SSH_PUB_KEY=/home/vijayvik/.ssh/id_rsa
HARVESTER_HOSTNAME=den00ytq.us.oracle.com
HARVESTER_HOME=/scratch/emaas/harvester/harvester_home/agent_inst/
HARVESTER_PORT=1830
HARVESTER_SCHEMA_USER=EMAAS_HARVUSER_25292
HARVESTER_SCHEMA_PWD=welcome1
HARVESTER_DUSER=vijayvik
HARVESTER_DPWD=Orac2018
HARVESTER_DUSER_SSH_PRIV_KEY=/home/vijayvik/.ssh/id_rsa
HARVESTER_DUSER_SSH_PUB_KEY=/home/vijayvik/.ssh/id_rsa.pub
HARVESTER_SETUP=TRUE
LAMA_HOSTNAME=den00ytq.us.oracle.com
LAMA_PORT=1831
LAMA_HOME=/scratch/emaas/lama/lama_home/agent_inst/
LAMA_DUSER=vijayvik
LAMA_DPWD=Orac2018
LAMA_DUSER_SSH_PRIV_KEY=/home/vijayvik/.ssh/id_rsa
LAMA_DUSER_SSH_PUB_KEY=/home/vijayvik/.ssh/id_rsa.pub
LAMA_SETUP=TRUE
SAAS_VERSION=1.16.0-20170204085348
